2023-08-09 13:31:52 info: app,bo Server listening at port 3001 
2023-08-09 14:08:40 info: app,bo Server listening at port 3001 
2023-08-09 14:19:15 info: app,bo Server listening at port 3001 
2023-08-09 14:23:09 info: app,bo Server listening at port 3001 
2023-08-09 14:28:32 info: app,bo Server listening at port 3001 
2023-08-09 14:32:22 info: app,bo Server listening at port 3001 
2023-08-09 14:37:21 info: app,bo Server listening at port 3001 
2023-08-09 14:45:00 info: app,bo Server listening at port 3001 
2023-08-09 14:59:43 info: app,bo Server listening at port 3001 
2023-08-09 15:01:15 info: app,bo Server listening at port 3001 
2023-08-09 15:28:34 info: app,bo Server listening at port 3001 
2023-08-09 15:36:33 info: app,bo Server listening at port 3001 
2023-08-09 15:38:00 info: app,bo Server listening at port 3001 
2023-08-09 15:38:18 info: app,bo Server listening at port 3001 
2023-08-09 15:39:43 info: app Server listening at port 3001 
2023-08-09 15:44:24 info: app Server listening at port 3001 
2023-08-09 15:46:26 info: app Server listening at port 3001 
2023-08-09 15:46:37 info: app Server listening at port 3001 
2023-08-09 15:46:57 info: app Server listening at port 3001 
2023-08-09 15:50:12 info: app Server listening at port 3001 
2023-08-09 15:50:39 info: app Server listening at port 3001 
2023-08-09 15:50:52 info: app Server listening at port 3001 
2023-08-09 15:51:26 info: app Server listening at port 3001 
2023-08-09 15:53:58 info: app Server listening at port 3001 
2023-08-09 16:00:08 info: app Server listening at port 3001 
2023-08-09 16:00:28 info: app Server listening at port 3001 
2023-08-09 16:02:18 info: app Server listening at port 3001 
2023-08-09 16:49:47 info: app Server listening at port 3001 
2023-08-09 18:37:44 info: app Server listening at port 3001 
2023-08-09 18:37:52 info: app Server listening at port 3001 
2023-08-09 18:38:25 info: app Server listening at port 3001 
2023-08-09 18:39:10 info: app Server listening at port 3001 
2023-08-09 18:39:16 info: app Server listening at port 3001 
2023-08-09 18:39:25 info: app Server listening at port 3001 
2023-08-09 18:40:08 info: app Server listening at port 3001 
2023-08-09 18:41:43 info: app Server listening at port 3001 
2023-08-09 18:44:03 info: app Server listening at port 3001 
2023-08-09 18:49:14 info: app Server listening at port 3001 
2023-08-09 18:49:14 info: Connected to MongoDB 
2023-08-10 11:36:52 info: app Server listening at port 3001 
2023-08-10 11:36:52 info: Connected to MongoDB 
2023-08-10 11:38:34 error: Error while registering user. USER_ALREADY_EXISTS 
2023-08-10 11:38:45 error: An Error occurred during e-mail login INCORRECT_PASSWORD 
2023-08-10 11:50:56 error: An Error occurred during e-mail login USER_NOT_FOUND 
2023-08-10 11:57:21 info: app Server listening at port 3001 
2023-08-10 11:57:21 info: Connected to MongoDB 
2023-08-10 12:02:10 info: app Server listening at port 3001 
2023-08-10 12:02:10 info: Connected to MongoDB 
2023-08-10 12:03:56 info: app Server listening at port 3001 
2023-08-10 12:03:56 info: Connected to MongoDB 
2023-08-10 12:04:55 info: app Server listening at port 3001 
2023-08-10 12:04:55 info: Connected to MongoDB 
2023-08-10 12:06:15 info: app Server listening at port 3001 
2023-08-10 12:06:15 info: Connected to MongoDB 
2023-08-10 12:06:41 info: app Server listening at port 3001 
2023-08-10 12:06:41 info: Connected to MongoDB 
2023-08-10 12:06:59 info: app Server listening at port 3001 
2023-08-10 12:06:59 info: Connected to MongoDB 
2023-08-10 12:08:48 info: app Server listening at port 3001 
2023-08-10 12:08:48 info: Connected to MongoDB 
2023-08-10 12:09:03 info: app Server listening at port 3001 
2023-08-10 12:09:03 info: Connected to MongoDB 
2023-08-10 12:10:10 info: app Server listening at port 3001 
2023-08-10 12:10:10 info: Connected to MongoDB 
2023-08-10 12:10:24 info: app Server listening at port 3001 
2023-08-10 12:10:24 info: Connected to MongoDB 
2023-08-10 12:11:09 info: app Server listening at port 3001 
2023-08-10 12:11:09 info: Connected to MongoDB 
2023-08-10 12:13:55 info: app Server listening at port 3001 
2023-08-10 12:13:55 info: Connected to MongoDB 
2023-08-10 12:19:54 info: app Server listening at port 3001 
2023-08-10 12:19:54 info: Connected to MongoDB 
2023-08-10 12:22:56 info: app Server listening at port 3001 
2023-08-10 12:22:56 info: Connected to MongoDB 
2023-08-10 12:25:49 info: app Server listening at port 3001 
2023-08-10 12:25:49 info: Connected to MongoDB 
2023-08-10 12:34:41 info: app Server listening at port 3001 
2023-08-10 12:34:41 info: Connected to MongoDB 
2023-08-10 12:40:58 info: app Server listening at port 3001 
2023-08-10 12:40:58 info: Connected to MongoDB 
2023-08-10 14:50:37 info: app Server listening at port 3001 
2023-08-10 14:50:37 info: Connected to MongoDB 
2023-08-10 14:51:50 error: Unable to authorize token INVALID_TOKEN 
2023-08-10 14:52:01 error: Unable to authorize token INVALID_TOKEN 
2023-08-10 14:54:11 info: app Server listening at port 3001 
2023-08-10 14:54:11 info: Connected to MongoDB 
2023-08-10 14:55:28 info: app Server listening at port 3001 
2023-08-10 14:55:28 info: Connected to MongoDB 
2023-08-10 15:00:24 info: app Server listening at port 3001 
2023-08-10 15:00:24 info: Connected to MongoDB 
